This is pdfTeX, Version 3.1415926-2.3-1.40.12 (MiKTeX 2.9 64-bit) (preloaded format=pdflatex 2012.10.12)  5 FEB 2013 22:41
entering extended mode
**C:/Users/Marlon/Documents/GitHub/experiencias_LP/trabFinal.tex
(C:/Users/Marlon/Documents/GitHub/experiencias_LP/trabFinal.tex
LaTeX2e <2011/06/27>
Babel <v3.8m> and hyphenation patterns for english, afrikaans, ancientgreek, ar
abic, armenian, assamese, basque, bengali, bokmal, bulgarian, catalan, coptic, 
croatian, czech, danish, dutch, esperanto, estonian, farsi, finnish, french, ga
lician, german, german-x-2009-06-19, greek, gujarati, hindi, hungarian, iceland
ic, indonesian, interlingua, irish, italian, kannada, kurmanji, lao, latin, lat
vian, lithuanian, malayalam, marathi, mongolian, mongolianlmc, monogreek, ngerm
an, ngerman-x-2009-06-19, nynorsk, oriya, panjabi, pinyin, polish, portuguese, 
romanian, russian, sanskrit, serbian, slovak, slovenian, spanish, swedish, swis
sgerman, tamil, telugu, turkish, turkmen, ukenglish, ukrainian, uppersorbian, u
senglishmax, welsh, loaded.
("C:\Program Files\MiKTeX 2.9\tex\latex\base\article.cls"
Document Class: article 2007/10/19 v1.4h Standard LaTeX document class
("C:\Program Files\MiKTeX 2.9\tex\latex\base\size10.clo"
File: size10.clo 2007/10/19 v1.4h Standard LaTeX file (size option)
)
\c@part=\count79
\c@section=\count80
\c@subsection=\count81
\c@subsubsection=\count82
\c@paragraph=\count83
\c@subparagraph=\count84
\c@figure=\count85
\c@table=\count86
\abovecaptionskip=\skip41
\belowcaptionskip=\skip42
\bibindent=\dimen102
)
("C:\Program Files\MiKTeX 2.9\tex\generic\babel\babel.sty"
Package: babel 2008/07/08 v3.8m The Babel package

*************************************
* Local config file bblopts.cfg used
*
("C:\Program Files\MiKTeX 2.9\tex\latex\00miktex\bblopts.cfg"
File: bblopts.cfg 2006/07/31 v1.0 MiKTeX 'babel' configuration
)
("C:\Program Files\MiKTeX 2.9\tex\generic\babel\spanish.ldf"
Language: spanish.ldf 2009/01/02 v5.0h Spanish support from the babel system

("C:\Program Files\MiKTeX 2.9\tex\generic\babel\babel.def"
File: babel.def 2008/07/08 v3.8m Babel common definitions
\babel@savecnt=\count87
\U@D=\dimen103
)
\es@datefmt=\count88
\es@quottoks=\toks14
\es@quotdepth=\count89
Package babel Info: Making " an active character on input line 492.
Package babel Info: Making . an active character on input line 585.
Package babel Info: Making < an active character on input line 630.
Package babel Info: Making > an active character on input line 630.
))
("C:\Program Files\MiKTeX 2.9\tex\latex\graphics\graphicx.sty"
Package: graphicx 1999/02/16 v1.0f Enhanced LaTeX Graphics (DPC,SPQR)

("C:\Program Files\MiKTeX 2.9\tex\latex\graphics\keyval.sty"
Package: keyval 1999/03/16 v1.13 key=value parser (DPC)
\KV@toks@=\toks15
)
("C:\Program Files\MiKTeX 2.9\tex\latex\graphics\graphics.sty"
Package: graphics 2009/02/05 v1.0o Standard LaTeX Graphics (DPC,SPQR)

("C:\Program Files\MiKTeX 2.9\tex\latex\graphics\trig.sty"
Package: trig 1999/03/16 v1.09 sin cos tan (DPC)
)
("C:\Program Files\MiKTeX 2.9\tex\latex\00miktex\graphics.cfg"
File: graphics.cfg 2007/01/18 v1.5 graphics configuration of teTeX/TeXLive
)
Package graphics Info: Driver file: pdftex.def on input line 91.

("C:\Program Files\MiKTeX 2.9\tex\latex\pdftex-def\pdftex.def"
File: pdftex.def 2011/05/27 v0.06d Graphics/color for pdfTeX

("C:\Program Files\MiKTeX 2.9\tex\generic\oberdiek\infwarerr.sty"
Package: infwarerr 2010/04/08 v1.3 Providing info/warning/error messages (HO)
)
("C:\Program Files\MiKTeX 2.9\tex\generic\oberdiek\ltxcmds.sty"
Package: ltxcmds 2011/11/09 v1.22 LaTeX kernel commands for general use (HO)
)
\Gread@gobject=\count90
))
\Gin@req@height=\dimen104
\Gin@req@width=\dimen105
)
("C:\Program Files\MiKTeX 2.9\tex\latex\xcolor\xcolor.sty"
Package: xcolor 2007/01/21 v2.11 LaTeX color extensions (UK)

("C:\Program Files\MiKTeX 2.9\tex\latex\00miktex\color.cfg"
File: color.cfg 2007/01/18 v1.5 color configuration of teTeX/TeXLive
)
Package xcolor Info: Package option `usenames' ignored on input line 216.
Package xcolor Info: Driver file: pdftex.def on input line 225.
Package xcolor Info: Model `cmy' substituted by `cmy0' on input line 1337.
Package xcolor Info: Model `hsb' substituted by `rgb' on input line 1341.
Package xcolor Info: Model `RGB' extended on input line 1353.
Package xcolor Info: Model `HTML' substituted by `rgb' on input line 1355.
Package xcolor Info: Model `Hsb' substituted by `hsb' on input line 1356.
Package xcolor Info: Model `tHsb' substituted by `hsb' on input line 1357.
Package xcolor Info: Model `HSB' substituted by `hsb' on input line 1358.
Package xcolor Info: Model `Gray' substituted by `gray' on input line 1359.
Package xcolor Info: Model `wave' substituted by `hsb' on input line 1360.

("C:\Program Files\MiKTeX 2.9\tex\latex\graphics\dvipsnam.def"
File: dvipsnam.def 1999/02/16 v3.0i Driver-dependant file (DPC,SPQR)
))
(C:\Users\Marlon\Documents\GitHub\experiencias_LP\trabFinal.aux)
LaTeX Font Info:    Checking defaults for OML/cmm/m/it on input line 15.
LaTeX Font Info:    ... okay on input line 15.
LaTeX Font Info:    Checking defaults for T1/cmr/m/n on input line 15.
LaTeX Font Info:    ... okay on input line 15.
LaTeX Font Info:    Checking defaults for OT1/cmr/m/n on input line 15.
LaTeX Font Info:    ... okay on input line 15.
LaTeX Font Info:    Checking defaults for OMS/cmsy/m/n on input line 15.
LaTeX Font Info:    ... okay on input line 15.
LaTeX Font Info:    Checking defaults for OMX/cmex/m/n on input line 15.
LaTeX Font Info:    ... okay on input line 15.
LaTeX Font Info:    Checking defaults for U/cmr/m/n on input line 15.
LaTeX Font Info:    ... okay on input line 15.

("C:\Program Files\MiKTeX 2.9\tex\context\base\supp-pdf.mkii"
[Loading MPS to PDF converter (version 2006.09.02).]
\scratchcounter=\count91
\scratchdimen=\dimen106
\scratchbox=\box26
\nofMPsegments=\count92
\nofMParguments=\count93
\everyMPshowfont=\toks16
\MPscratchCnt=\count94
\MPscratchDim=\dimen107
\MPnumerator=\count95
\makeMPintoPDFobject=\count96
\everyMPtoPDFconversion=\toks17
) <espol.png, id=1, 301.125pt x 300.12125pt>
File: espol.png Graphic file (type png)
 <use espol.png>
Package pdftex.def Info: espol.png used on input line 19.
(pdftex.def)             Requested size: 150.56212pt x 150.06026pt.
 [1

{C:/ProgramData/MiKTeX/2.9/pdftex/config/pdftex.map} <C:/Users/Marlon/Documents
/GitHub/experiencias_LP/espol.png>]
(C:\Users\Marlon\Documents\GitHub\experiencias_LP\trabFinal.toc
LaTeX Font Info:    External font `cmex10' loaded for size
(Font)              <17.28> on input line 3.
LaTeX Font Info:    External font `cmex10' loaded for size
(Font)              <12> on input line 3.
)
\tf@toc=\write3
 [2]
<logo.jpg, id=15, 240.9pt x 121.45375pt>
File: logo.jpg Graphic file (type jpg)
 <use logo.jpg>
Package pdftex.def Info: logo.jpg used on input line 42.
(pdftex.def)             Requested size: 168.62883pt x 85.01703pt.
 [3 <C:/Users/Marlon/Documents/GitHub/experiencias_LP/logo.jpg>]
<bosquejoI1.jpg, id=20, 584.93532pt x 595.47469pt>
File: bosquejoI1.jpg Graphic file (type jpg)
 <use bosquejoI1.jpg>
Package pdftex.def Info: bosquejoI1.jpg used on input line 64.
(pdftex.def)             Requested size: 204.73042pt x 208.41925pt.

[4 <C:/Users/Marlon/Documents/GitHub/experiencias_LP/bosquejoI1.jpg>]
<Twin1.jpg, id=25, 301.125pt x 432.86719pt>
File: Twin1.jpg Graphic file (type jpg)
 <use Twin1.jpg>
Package pdftex.def Info: Twin1.jpg used on input line 77.
(pdftex.def)             Requested size: 150.56212pt x 216.43306pt.

<Twin2.jpg, id=26, 225.84375pt x 289.83281pt>
File: Twin2.jpg Graphic file (type jpg)
 <use Twin2.jpg>
Package pdftex.def Info: Twin2.jpg used on input line 78.
(pdftex.def)             Requested size: 169.38239pt x 217.37407pt.

<Twin3.jpg, id=27, 225.84375pt x 335.00156pt>
File: Twin3.jpg Graphic file (type jpg)
 <use Twin3.jpg>
Package pdftex.def Info: Twin3.jpg used on input line 80.
(pdftex.def)             Requested size: 135.50728pt x 201.00247pt.
 [5 <C:/Users/Marlon/Documents/GitHub/experiencias_LP/Twin1.jpg> <C:/Users/Marl
on/Documents/GitHub/experiencias_LP/Twin2.jpg> <C:/Users/Marlon/Documents/GitHu
b/experiencias_LP/Twin3.jpg>] <3.jpg, id=31, 225.84375pt x 153.57375pt>
File: 3.jpg Graphic file (type jpg)
 <use 3.jpg>
Package pdftex.def Info: 3.jpg used on input line 103.
(pdftex.def)             Requested size: 135.50728pt x 92.14494pt.

<droid.jpg, id=32, 154.32657pt x 154.32657pt>
File: droid.jpg Graphic file (type jpg)
 <use droid.jpg>
Package pdftex.def Info: droid.jpg used on input line 103.
(pdftex.def)             Requested size: 92.59663pt x 92.59663pt.

<amigableU.jpg, id=33, 205.5178pt x 170.88844pt>
File: amigableU.jpg Graphic file (type jpg)
 <use amigableU.jpg>
Package pdftex.def Info: amigableU.jpg used on input line 103.
(pdftex.def)             Requested size: 123.31163pt x 102.53384pt.
 [6 <C:/Users/Marlon/Documents/GitHub/experiencias_LP/3.jpg> <C:/Users/Marlon/D
ocuments/GitHub/experiencias_LP/droid.jpg> <C:/Users/Marlon/Documents/GitHub/ex
periencias_LP/amigableU.jpg>] <PPrincipal.jpg, id=37, 180.675pt x 240.9pt>
File: PPrincipal.jpg Graphic file (type jpg)

<use PPrincipal.jpg>
Package pdftex.def Info: PPrincipal.jpg used on input line 118.
(pdftex.def)             Requested size: 126.47162pt x 168.62883pt.
 <create1.jpg, id=38, 180.675pt x 240.9pt>
File: create1.jpg Graphic file (type jpg)

<use create1.jpg>
Package pdftex.def Info: create1.jpg used on input line 125.
(pdftex.def)             Requested size: 126.47162pt x 168.62883pt.
 <create2.jpg, id=39, 180.675pt x 240.9pt>
File: create2.jpg Graphic file (type jpg)
 <use create2.jpg>
Package pdftex.def Info: create2.jpg used on input line 126.
(pdftex.def)             Requested size: 126.47162pt x 168.62883pt.

[7 <C:/Users/Marlon/Documents/GitHub/experiencias_LP/PPrincipal.jpg> <C:/Users/
Marlon/Documents/GitHub/experiencias_LP/create1.jpg> <C:/Users/Marlon/Documents
/GitHub/experiencias_LP/create2.jpg>]
<MenuTareas1.jpg, id=44, 180.675pt x 240.9pt>
File: MenuTareas1.jpg Graphic file (type jpg)
 <use MenuTareas1.jpg>
Package pdftex.def Info: MenuTareas1.jpg used on input line 140.
(pdftex.def)             Requested size: 144.54018pt x 192.72025pt.

<MenuTareas2.jpg, id=45, 180.675pt x 240.9pt>
File: MenuTareas2.jpg Graphic file (type jpg)
 <use MenuTareas2.jpg>
Package pdftex.def Info: MenuTareas2.jpg used on input line 141.
(pdftex.def)             Requested size: 144.54018pt x 192.72025pt.
 [8 <C:/Users/Marlon/Documents/GitHub/experiencias_LP/MenuTareas1.jpg> <C:/User
s/Marlon/Documents/GitHub/experiencias_LP/MenuTareas2.jpg>]
Missing character: There is no Ã in font cmr10!
Missing character: There is no ­ in font cmr10!

<NuevaTarea1.jpg, id=49, 180.675pt x 240.9pt>
File: NuevaTarea1.jpg Graphic file (type jpg)
 <use NuevaTarea1.jpg>
Package pdftex.def Info: NuevaTarea1.jpg used on input line 153.
(pdftex.def)             Requested size: 144.54018pt x 192.72025pt.

<NuevaTarea2.jpg, id=50, 180.675pt x 240.9pt>
File: NuevaTarea2.jpg Graphic file (type jpg)
 <use NuevaTarea2.jpg>
Package pdftex.def Info: NuevaTarea2.jpg used on input line 154.
(pdftex.def)             Requested size: 144.54018pt x 192.72025pt.
 [9 <C:/Users/Marlon/Documents/GitHub/experiencias_LP/NuevaTarea1.jpg> <C:/User
s/Marlon/Documents/GitHub/experiencias_LP/NuevaTarea2.jpg>]
<Programar1.jpg, id=54, 180.675pt x 240.9pt>
File: Programar1.jpg Graphic file (type jpg)
 <use Programar1.jpg>
Package pdftex.def Info: Programar1.jpg used on input line 164.
(pdftex.def)             Requested size: 144.54018pt x 192.72025pt.
 [10 <C:/Users/Marlon/Documents/GitHub/experiencias_LP/Programar1.jpg>] [11]
(C:\Users\Marlon\Documents\GitHub\experiencias_LP\trabFinal.aux) )
(\end occurred inside a group at level 1)

### simple group (level 1) entered at line 16 ({)
### bottom level 
Here is how much of TeX's memory you used:
 2366 strings out of 494045
 30235 string characters out of 3148383
 92061 words of memory out of 3000000
 5661 multiletter control sequences out of 15000+200000
 7601 words of font info for 27 fonts, out of 3000000 for 9000
 715 hyphenation exceptions out of 8191
 27i,5n,35p,415b,330s stack positions out of 5000i,500n,10000p,200000b,50000s
<C:/Program Files/MiKTeX 2.9/fonts/type1/public/amsfonts/cm/cmb
x10.pfb><C:/Program Files/MiKTeX 2.9/fonts/type1/public/amsfonts/cm/cmbx12.pfb>
<C:/Program Files/MiKTeX 2.9/fonts/type1/public/amsfonts/cm/cmbx9.pfb><C:/Progr
am Files/MiKTeX 2.9/fonts/type1/public/amsfonts/cm/cmr10.pfb><C:/Program Files/
MiKTeX 2.9/fonts/type1/public/amsfonts/cm/cmr12.pfb><C:/Program Files/MiKTeX 2.
9/fonts/type1/public/amsfonts/cm/cmr17.pfb>
Output written on trabFinal.pdf (11 pages, 421475 bytes).
PDF statistics:
 81 PDF objects out of 1000 (max. 8388607)
 0 named destinations out of 1000 (max. 500000)
 86 words of extra memory for PDF output out of 10000 (max. 10000000)

